

Microchip MPLAB XC8 Assembler V2.10 build 88905656 
                                                                                               Mon Feb 17 12:17:29 2020

Microchip MPLAB XC8 C Compiler v2.10 (Free license) build 20190730164152 Og1 
     1                           	processor	16F887
     2                           	opt	pw 120
     3                           	opt	flic
     4                           	psect	cinit,global,class=CODE,merge=1,delta=2
     5                           	psect	bssCOMMON,global,class=COMMON,space=1,delta=1
     6                           	psect	cstackCOMMON,global,class=COMMON,space=1,delta=1
     7                           	psect	cstackBANK0,global,class=BANK0,space=1,delta=1
     8                           	psect	maintext,global,class=CODE,split=1,delta=2
     9                           	psect	text1,local,class=CODE,merge=1,delta=2
    10                           	psect	text2,local,class=CODE,merge=1,delta=2
    11                           	psect	text3,local,class=CODE,merge=1,delta=2
    12                           	psect	text4,local,class=CODE,merge=1,delta=2
    13                           	psect	intentry,global,class=CODE,delta=2
    14                           	psect	text5,local,class=CODE,merge=1,delta=2
    15                           	psect	text6,local,class=CODE,merge=1,delta=2
    16                           	psect	text7,local,class=CODE,merge=1,delta=2
    17                           	dabs	1,0x7E,2
    18  0000                     
    19                           ; Version 2.10
    20                           ; Generated 31/07/2019 GMT
    21                           ; 
    22                           ; Copyright © 2019, Microchip Technology Inc. and its subsidiaries ("Microchip")
    23                           ; All rights reserved.
    24                           ; 
    25                           ; This software is developed by Microchip Technology Inc. and its subsidiaries ("Microch
      +                          ip").
    26                           ; 
    27                           ; Redistribution and use in source and binary forms, with or without modification, are
    28                           ; permitted provided that the following conditions are met:
    29                           ; 
    30                           ;     1. Redistributions of source code must retain the above copyright notice, this lis
      +                          t of
    31                           ;        conditions and the following disclaimer.
    32                           ; 
    33                           ;     2. Redistributions in binary form must reproduce the above copyright notice, this 
      +                          list
    34                           ;        of conditions and the following disclaimer in the documentation and/or other
    35                           ;        materials provided with the distribution.
    36                           ; 
    37                           ;     3. Microchip's name may not be used to endorse or promote products derived from th
      +                          is
    38                           ;        software without specific prior written permission.
    39                           ; 
    40                           ; THIS SOFTWARE IS PROVIDED BY MICROCHIP "AS IS" AND ANY EXPRESS OR IMPLIED WARRANTIES,
    41                           ; INCLUDING, BUT NOT LIMITED TO, THE IMPLIED WARRANTIES OF MERCHANTABILITY AND FITNESS F
      +                          OR
    42                           ; PURPOSE ARE DISCLAIMED.  IN NO EVENT SHALL MICROCHIP BE LIABLE FOR ANY DIRECT, INDIREC
      +                          T,
    43                           ; INCIDENTAL, SPECIAL, EXEMPLARY, OR CONSEQUENTIAL DAMAGES (INCLUDING BUT NOT LIMITED TO
    44                           ; PROCUREMENT OF SUBSTITUTE GOODS OR SERVICES; LOSS OF USE, DATA OR PROFITS; OR BUSINESS
    45                           ; INTERRUPTION) HOWSOEVER CAUSED AND ON ANY THEORY OF LIABILITY, WHETHER IN CONTRACT, ST
      +                          RICT
    46                           ; LIABILITY, OR TORT (INCLUDING NEGLIGENCE OR OTHERWISE) ARISING IN ANY WAY OUT OF THE U
      +                          SE OF
    47                           ; THIS SOFTWARE, EVEN IF ADVISED OF THE POSSIBILITY OF SUCH DAMAGE.
    48                           ; 
    49                           ; 
    50                           ; Code-generator required, PIC16F887 Definitions
    51                           ; 
    52                           ; SFR Addresses
    53  0000                     	;# 
    54  0001                     	;# 
    55  0002                     	;# 
    56  0003                     	;# 
    57  0004                     	;# 
    58  0005                     	;# 
    59  0006                     	;# 
    60  0007                     	;# 
    61  0008                     	;# 
    62  0009                     	;# 
    63  000A                     	;# 
    64  000B                     	;# 
    65  000C                     	;# 
    66  000D                     	;# 
    67  000E                     	;# 
    68  000E                     	;# 
    69  000F                     	;# 
    70  0010                     	;# 
    71  0011                     	;# 
    72  0012                     	;# 
    73  0013                     	;# 
    74  0014                     	;# 
    75  0015                     	;# 
    76  0015                     	;# 
    77  0016                     	;# 
    78  0017                     	;# 
    79  0018                     	;# 
    80  0019                     	;# 
    81  001A                     	;# 
    82  001B                     	;# 
    83  001B                     	;# 
    84  001C                     	;# 
    85  001D                     	;# 
    86  001E                     	;# 
    87  001F                     	;# 
    88  0081                     	;# 
    89  0085                     	;# 
    90  0086                     	;# 
    91  0087                     	;# 
    92  0088                     	;# 
    93  0089                     	;# 
    94  008C                     	;# 
    95  008D                     	;# 
    96  008E                     	;# 
    97  008F                     	;# 
    98  0090                     	;# 
    99  0091                     	;# 
   100  0092                     	;# 
   101  0093                     	;# 
   102  0093                     	;# 
   103  0093                     	;# 
   104  0094                     	;# 
   105  0095                     	;# 
   106  0096                     	;# 
   107  0097                     	;# 
   108  0098                     	;# 
   109  0099                     	;# 
   110  009A                     	;# 
   111  009B                     	;# 
   112  009C                     	;# 
   113  009D                     	;# 
   114  009E                     	;# 
   115  009F                     	;# 
   116  0105                     	;# 
   117  0107                     	;# 
   118  0108                     	;# 
   119  0109                     	;# 
   120  010C                     	;# 
   121  010C                     	;# 
   122  010D                     	;# 
   123  010E                     	;# 
   124  010F                     	;# 
   125  0185                     	;# 
   126  0187                     	;# 
   127  0188                     	;# 
   128  0189                     	;# 
   129  018C                     	;# 
   130  018D                     	;# 
   131  0000                     	;# 
   132  0001                     	;# 
   133  0002                     	;# 
   134  0003                     	;# 
   135  0004                     	;# 
   136  0005                     	;# 
   137  0006                     	;# 
   138  0007                     	;# 
   139  0008                     	;# 
   140  0009                     	;# 
   141  000A                     	;# 
   142  000B                     	;# 
   143  000C                     	;# 
   144  000D                     	;# 
   145  000E                     	;# 
   146  000E                     	;# 
   147  000F                     	;# 
   148  0010                     	;# 
   149  0011                     	;# 
   150  0012                     	;# 
   151  0013                     	;# 
   152  0014                     	;# 
   153  0015                     	;# 
   154  0015                     	;# 
   155  0016                     	;# 
   156  0017                     	;# 
   157  0018                     	;# 
   158  0019                     	;# 
   159  001A                     	;# 
   160  001B                     	;# 
   161  001B                     	;# 
   162  001C                     	;# 
   163  001D                     	;# 
   164  001E                     	;# 
   165  001F                     	;# 
   166  0081                     	;# 
   167  0085                     	;# 
   168  0086                     	;# 
   169  0087                     	;# 
   170  0088                     	;# 
   171  0089                     	;# 
   172  008C                     	;# 
   173  008D                     	;# 
   174  008E                     	;# 
   175  008F                     	;# 
   176  0090                     	;# 
   177  0091                     	;# 
   178  0092                     	;# 
   179  0093                     	;# 
   180  0093                     	;# 
   181  0093                     	;# 
   182  0094                     	;# 
   183  0095                     	;# 
   184  0096                     	;# 
   185  0097                     	;# 
   186  0098                     	;# 
   187  0099                     	;# 
   188  009A                     	;# 
   189  009B                     	;# 
   190  009C                     	;# 
   191  009D                     	;# 
   192  009E                     	;# 
   193  009F                     	;# 
   194  0105                     	;# 
   195  0107                     	;# 
   196  0108                     	;# 
   197  0109                     	;# 
   198  010C                     	;# 
   199  010C                     	;# 
   200  010D                     	;# 
   201  010E                     	;# 
   202  010F                     	;# 
   203  0185                     	;# 
   204  0187                     	;# 
   205  0188                     	;# 
   206  0189                     	;# 
   207  018C                     	;# 
   208  018D                     	;# 
   209  0000                     	;# 
   210  0001                     	;# 
   211  0002                     	;# 
   212  0003                     	;# 
   213  0004                     	;# 
   214  0005                     	;# 
   215  0006                     	;# 
   216  0007                     	;# 
   217  0008                     	;# 
   218  0009                     	;# 
   219  000A                     	;# 
   220  000B                     	;# 
   221  000C                     	;# 
   222  000D                     	;# 
   223  000E                     	;# 
   224  000E                     	;# 
   225  000F                     	;# 
   226  0010                     	;# 
   227  0011                     	;# 
   228  0012                     	;# 
   229  0013                     	;# 
   230  0014                     	;# 
   231  0015                     	;# 
   232  0015                     	;# 
   233  0016                     	;# 
   234  0017                     	;# 
   235  0018                     	;# 
   236  0019                     	;# 
   237  001A                     	;# 
   238  001B                     	;# 
   239  001B                     	;# 
   240  001C                     	;# 
   241  001D                     	;# 
   242  001E                     	;# 
   243  001F                     	;# 
   244  0081                     	;# 
   245  0085                     	;# 
   246  0086                     	;# 
   247  0087                     	;# 
   248  0088                     	;# 
   249  0089                     	;# 
   250  008C                     	;# 
   251  008D                     	;# 
   252  008E                     	;# 
   253  008F                     	;# 
   254  0090                     	;# 
   255  0091                     	;# 
   256  0092                     	;# 
   257  0093                     	;# 
   258  0093                     	;# 
   259  0093                     	;# 
   260  0094                     	;# 
   261  0095                     	;# 
   262  0096                     	;# 
   263  0097                     	;# 
   264  0098                     	;# 
   265  0099                     	;# 
   266  009A                     	;# 
   267  009B                     	;# 
   268  009C                     	;# 
   269  009D                     	;# 
   270  009E                     	;# 
   271  009F                     	;# 
   272  0105                     	;# 
   273  0107                     	;# 
   274  0108                     	;# 
   275  0109                     	;# 
   276  010C                     	;# 
   277  010C                     	;# 
   278  010D                     	;# 
   279  010E                     	;# 
   280  010F                     	;# 
   281  0185                     	;# 
   282  0187                     	;# 
   283  0188                     	;# 
   284  0189                     	;# 
   285  018C                     	;# 
   286  018D                     	;# 
   287  0000                     	;# 
   288  0001                     	;# 
   289  0002                     	;# 
   290  0003                     	;# 
   291  0004                     	;# 
   292  0005                     	;# 
   293  0006                     	;# 
   294  0007                     	;# 
   295  0008                     	;# 
   296  0009                     	;# 
   297  000A                     	;# 
   298  000B                     	;# 
   299  000C                     	;# 
   300  000D                     	;# 
   301  000E                     	;# 
   302  000E                     	;# 
   303  000F                     	;# 
   304  0010                     	;# 
   305  0011                     	;# 
   306  0012                     	;# 
   307  0013                     	;# 
   308  0014                     	;# 
   309  0015                     	;# 
   310  0015                     	;# 
   311  0016                     	;# 
   312  0017                     	;# 
   313  0018                     	;# 
   314  0019                     	;# 
   315  001A                     	;# 
   316  001B                     	;# 
   317  001B                     	;# 
   318  001C                     	;# 
   319  001D                     	;# 
   320  001E                     	;# 
   321  001F                     	;# 
   322  0081                     	;# 
   323  0085                     	;# 
   324  0086                     	;# 
   325  0087                     	;# 
   326  0088                     	;# 
   327  0089                     	;# 
   328  008C                     	;# 
   329  008D                     	;# 
   330  008E                     	;# 
   331  008F                     	;# 
   332  0090                     	;# 
   333  0091                     	;# 
   334  0092                     	;# 
   335  0093                     	;# 
   336  0093                     	;# 
   337  0093                     	;# 
   338  0094                     	;# 
   339  0095                     	;# 
   340  0096                     	;# 
   341  0097                     	;# 
   342  0098                     	;# 
   343  0099                     	;# 
   344  009A                     	;# 
   345  009B                     	;# 
   346  009C                     	;# 
   347  009D                     	;# 
   348  009E                     	;# 
   349  009F                     	;# 
   350  0105                     	;# 
   351  0107                     	;# 
   352  0108                     	;# 
   353  0109                     	;# 
   354  010C                     	;# 
   355  010C                     	;# 
   356  010D                     	;# 
   357  010E                     	;# 
   358  010F                     	;# 
   359  0185                     	;# 
   360  0187                     	;# 
   361  0188                     	;# 
   362  0189                     	;# 
   363  018C                     	;# 
   364  018D                     	;# 
   365  0000                     	;# 
   366  0001                     	;# 
   367  0002                     	;# 
   368  0003                     	;# 
   369  0004                     	;# 
   370  0005                     	;# 
   371  0006                     	;# 
   372  0007                     	;# 
   373  0008                     	;# 
   374  0009                     	;# 
   375  000A                     	;# 
   376  000B                     	;# 
   377  000C                     	;# 
   378  000D                     	;# 
   379  000E                     	;# 
   380  000E                     	;# 
   381  000F                     	;# 
   382  0010                     	;# 
   383  0011                     	;# 
   384  0012                     	;# 
   385  0013                     	;# 
   386  0014                     	;# 
   387  0015                     	;# 
   388  0015                     	;# 
   389  0016                     	;# 
   390  0017                     	;# 
   391  0018                     	;# 
   392  0019                     	;# 
   393  001A                     	;# 
   394  001B                     	;# 
   395  001B                     	;# 
   396  001C                     	;# 
   397  001D                     	;# 
   398  001E                     	;# 
   399  001F                     	;# 
   400  0081                     	;# 
   401  0085                     	;# 
   402  0086                     	;# 
   403  0087                     	;# 
   404  0088                     	;# 
   405  0089                     	;# 
   406  008C                     	;# 
   407  008D                     	;# 
   408  008E                     	;# 
   409  008F                     	;# 
   410  0090                     	;# 
   411  0091                     	;# 
   412  0092                     	;# 
   413  0093                     	;# 
   414  0093                     	;# 
   415  0093                     	;# 
   416  0094                     	;# 
   417  0095                     	;# 
   418  0096                     	;# 
   419  0097                     	;# 
   420  0098                     	;# 
   421  0099                     	;# 
   422  009A                     	;# 
   423  009B                     	;# 
   424  009C                     	;# 
   425  009D                     	;# 
   426  009E                     	;# 
   427  009F                     	;# 
   428  0105                     	;# 
   429  0107                     	;# 
   430  0108                     	;# 
   431  0109                     	;# 
   432  010C                     	;# 
   433  010C                     	;# 
   434  010D                     	;# 
   435  010E                     	;# 
   436  010F                     	;# 
   437  0185                     	;# 
   438  0187                     	;# 
   439  0188                     	;# 
   440  0189                     	;# 
   441  018C                     	;# 
   442  018D                     	;# 
   443  000B                     _INTCON	set	11
   444  001E                     _ADRESH	set	30
   445  000C                     _PIR1bits	set	12
   446  0007                     _PORTC	set	7
   447  0006                     _PORTB	set	6
   448  0005                     _PORTA	set	5
   449  0008                     _PORTD	set	8
   450  0013                     _SSPBUF	set	19
   451  0014                     _SSPCON	set	20
   452  001F                     _ADCON0bits	set	31
   453  0063                     _SSPIF	set	99
   454  0085                     _TRISAbits	set	133
   455  008C                     _PIE1bits	set	140
   456  0088                     _TRISD	set	136
   457  0087                     _TRISC	set	135
   458  0086                     _TRISB	set	134
   459  0085                     _TRISA	set	133
   460  0094                     _SSPSTATbits	set	148
   461  0094                     _SSPSTAT	set	148
   462  008F                     _OSCCONbits	set	143
   463  009F                     _ADCON1bits	set	159
   464  043B                     _TRISC3	set	1083
   465  043D                     _TRISC5	set	1085
   466  0189                     _ANSELH	set	393
   467  0188                     _ANSEL	set	392
   468                           
   469                           ; #config settings
   470  0000                     
   471                           	psect	cinit
   472  000F                     start_initialization:	
   473  000F                     __initialization:	
   474                           
   475                           ; Clear objects allocated to COMMON
   476  000F  01F7               	clrf	__pbssCOMMON& (0+127)
   477  0010  01F8               	clrf	(__pbssCOMMON+1)& (0+127)
   478  0011  01F9               	clrf	(__pbssCOMMON+2)& (0+127)
   479  0012                     end_of_initialization:	
   480                           ;End of C runtime variable initialization code
   481                           
   482  0012                     __end_of__initialization:	
   483  0012  0183               	clrf	3
   484  0013  120A  118A  2872   	ljmp	_main	;jump to C main() function
   485                           
   486                           	psect	bssCOMMON
   487  0077                     __pbssCOMMON:	
   488  0077                     _CONT:	
   489  0077                     	ds	1
   490  0078                     _ADC_CH2_BIN:	
   491  0078                     	ds	1
   492  0079                     _ADC_CH1_BIN:	
   493  0079                     	ds	1
   494                           
   495                           	psect	cstackCOMMON
   496  0070                     __pcstackCOMMON:	
   497  0070                     ?_init:	
   498  0070                     ?_initOsc:	
   499                           ; 1 bytes @ 0x0
   500                           
   501  0070                     ?_spiReceiveWait:	
   502                           ; 1 bytes @ 0x0
   503                           
   504  0070                     ??_spiReceiveWait:	
   505                           ; 1 bytes @ 0x0
   506                           
   507  0070                     ?_spiWrite:	
   508                           ; 1 bytes @ 0x0
   509                           
   510  0070                     ??_spiWrite:	
   511                           ; 1 bytes @ 0x0
   512                           
   513  0070                     ?_spiRead:	
   514                           ; 1 bytes @ 0x0
   515                           
   516  0070                     ??_spiRead:	
   517                           ; 1 bytes @ 0x0
   518                           
   519  0070                     ?_isr:	
   520                           ; 1 bytes @ 0x0
   521                           
   522  0070                     ?_main:	
   523                           ; 1 bytes @ 0x0
   524                           
   525  0070                     spiWrite@dat:	
   526                           ; 1 bytes @ 0x0
   527                           
   528                           
   529                           ; 1 bytes @ 0x0
   530  0070                     	ds	1
   531  0071                     ??_isr:	
   532                           
   533                           ; 1 bytes @ 0x1
   534  0071                     	ds	2
   535  0073                     ??_initOsc:	
   536  0073                     ?_spiInit:	
   537                           ; 1 bytes @ 0x3
   538                           
   539  0073                     spiInit@sDataSample:	
   540                           ; 1 bytes @ 0x3
   541                           
   542                           
   543                           ; 1 bytes @ 0x3
   544  0073                     	ds	1
   545  0074                     spiInit@sClockIdle:	
   546                           
   547                           ; 1 bytes @ 0x4
   548  0074                     	ds	1
   549  0075                     initOsc@frec:	
   550  0075                     spiInit@sTransmitEdge:	
   551                           ; 1 bytes @ 0x5
   552                           
   553                           
   554                           ; 1 bytes @ 0x5
   555  0075                     	ds	1
   556  0076                     ??_spiInit:	
   557  0076                     spiInit@sType:	
   558                           ; 1 bytes @ 0x6
   559                           
   560                           
   561                           ; 1 bytes @ 0x6
   562  0076                     	ds	1
   563  0077                     ??_init:	
   564                           
   565                           	psect	cstackBANK0
   566  0020                     __pcstackBANK0:	
   567                           ; 1 bytes @ 0x7
   568                           
   569  0020                     ??_main:	
   570                           
   571                           ; 1 bytes @ 0x0
   572  0020                     	ds	2
   573                           
   574                           	psect	maintext
   575  0072                     __pmaintext:	
   576 ;;
   577 ;;Main: autosize = 0, tempsize = 2, incstack = 0, save=0
   578 ;;
   579 ;; *************** function _main *****************
   580 ;; Defined at:
   581 ;;		line 70 in file "../Laboratorio_4.X/Slave_Lab_4.c"
   582 ;; Parameters:    Size  Location     Type
   583 ;;		None
   584 ;; Auto vars:     Size  Location     Type
   585 ;;		None
   586 ;; Return value:  Size  Location     Type
   587 ;;                  1    wreg      void 
   588 ;; Registers used:
   589 ;;		wreg, fsr0l, fsr0h, status,2, status,0, pclath, cstack
   590 ;; Tracked objects:
   591 ;;		On entry : B00/0
   592 ;;		On exit  : 0/0
   593 ;;		Unchanged: 0/0
   594 ;; Data sizes:     COMMON   BANK0   BANK1   BANK3   BANK2
   595 ;;      Params:         0       0       0       0       0
   596 ;;      Locals:         0       0       0       0       0
   597 ;;      Temps:          0       2       0       0       0
   598 ;;      Totals:         0       2       0       0       0
   599 ;;Total ram usage:        2 bytes
   600 ;; Hardware stack levels required when called:    5
   601 ;; This function calls:
   602 ;;		_init
   603 ;;		_initOsc
   604 ;; This function is called by:
   605 ;;		Startup code after reset
   606 ;; This function uses a non-reentrant model
   607 ;;
   608                           
   609                           
   610                           ;psect for function _main
   611  0072                     _main:	
   612  0072                     l997:	
   613                           ;incstack = 0
   614                           ; Regs used in _main: [wreg-fsr0h+status,2+status,0+pclath+cstack]
   615                           
   616                           
   617                           ;../Laboratorio_4.X/Slave_Lab_4.c: 71:     initOsc(7);
   618  0072  3007               	movlw	7
   619  0073  120A  118A  2016  120A  118A  	fcall	_initOsc
   620  0078                     l999:	
   621                           
   622                           ;../Laboratorio_4.X/Slave_Lab_4.c: 72:     init();
   623  0078  120A  118A  20F9  120A  118A  	fcall	_init
   624  007D                     l1001:	
   625                           
   626                           ;../Laboratorio_4.X/Slave_Lab_4.c: 73:     ADCON0bits.ADCS0 = 0;
   627  007D  1283               	bcf	3,5	;RP0=0, select bank0
   628  007E  1303               	bcf	3,6	;RP1=0, select bank0
   629  007F  131F               	bcf	31,6	;volatile
   630  0080                     l1003:	
   631                           
   632                           ;../Laboratorio_4.X/Slave_Lab_4.c: 74:     ADCON0bits.ADCS1 = 1;
   633  0080  179F               	bsf	31,7	;volatile
   634  0081                     l1005:	
   635                           
   636                           ;../Laboratorio_4.X/Slave_Lab_4.c: 75:     ADCON1bits.ADFM = 0;
   637  0081  1683               	bsf	3,5	;RP0=1, select bank1
   638  0082  1303               	bcf	3,6	;RP1=0, select bank1
   639  0083  139F               	bcf	31,7	;volatile
   640  0084                     l1007:	
   641                           
   642                           ;../Laboratorio_4.X/Slave_Lab_4.c: 76:     ADCON1bits.VCFG0 = 0;
   643  0084  121F               	bcf	31,4	;volatile
   644  0085                     l1009:	
   645                           
   646                           ;../Laboratorio_4.X/Slave_Lab_4.c: 77:     ADCON1bits.VCFG1 = 0;
   647  0085  129F               	bcf	31,5	;volatile
   648  0086                     l1011:	
   649                           
   650                           ;../Laboratorio_4.X/Slave_Lab_4.c: 79:     ADCON0bits.ADON = 1;
   651  0086  1283               	bcf	3,5	;RP0=0, select bank0
   652  0087  1303               	bcf	3,6	;RP1=0, select bank0
   653  0088  141F               	bsf	31,0	;volatile
   654  0089                     l1013:	
   655                           
   656                           ;../Laboratorio_4.X/Slave_Lab_4.c: 81:     PORTA = 0;
   657  0089  0185               	clrf	5	;volatile
   658  008A                     l1015:	
   659                           
   660                           ;../Laboratorio_4.X/Slave_Lab_4.c: 82:     PORTB = 0;
   661  008A  0186               	clrf	6	;volatile
   662  008B                     l1017:	
   663                           
   664                           ;../Laboratorio_4.X/Slave_Lab_4.c: 83:     PORTC = 0;
   665  008B  0187               	clrf	7	;volatile
   666  008C                     l1019:	
   667                           
   668                           ;../Laboratorio_4.X/Slave_Lab_4.c: 84:     PORTD = 0;
   669  008C  0188               	clrf	8	;volatile
   670  008D                     l1021:	
   671                           
   672                           ;../Laboratorio_4.X/Slave_Lab_4.c: 87:         _delay((unsigned long)((1)*(8000000/4000.
      +                          0)));
   673  008D  3003               	movlw	3
   674  008E  1283               	bcf	3,5	;RP0=0, select bank0
   675  008F  1303               	bcf	3,6	;RP1=0, select bank0
   676  0090  00A1               	movwf	??_main+1
   677  0091  3097               	movlw	151
   678  0092  00A0               	movwf	??_main
   679  0093                     u77:	
   680  0093  0BA0               	decfsz	??_main,f
   681  0094  2893               	goto	u77
   682  0095  0BA1               	decfsz	??_main+1,f
   683  0096  2893               	goto	u77
   684  0097                     l1023:	
   685                           
   686                           ;../Laboratorio_4.X/Slave_Lab_4.c: 88:         ADCON0bits.CHS0 = 0;
   687  0097  1283               	bcf	3,5	;RP0=0, select bank0
   688  0098  1303               	bcf	3,6	;RP1=0, select bank0
   689  0099  111F               	bcf	31,2	;volatile
   690  009A                     l1025:	
   691                           
   692                           ;../Laboratorio_4.X/Slave_Lab_4.c: 89:         ADCON0bits.CHS1 = 0;
   693  009A  119F               	bcf	31,3	;volatile
   694  009B                     l1027:	
   695                           
   696                           ;../Laboratorio_4.X/Slave_Lab_4.c: 90:         ADCON0bits.CHS2 = 0;
   697  009B  121F               	bcf	31,4	;volatile
   698  009C                     l1029:	
   699                           
   700                           ;../Laboratorio_4.X/Slave_Lab_4.c: 91:         ADCON0bits.CHS3 = 0;
   701  009C  129F               	bcf	31,5	;volatile
   702  009D                     l1031:	
   703                           
   704                           ;../Laboratorio_4.X/Slave_Lab_4.c: 92:         ADCON0bits.ADON = 1;
   705  009D  141F               	bsf	31,0	;volatile
   706  009E                     l1033:	
   707                           
   708                           ;../Laboratorio_4.X/Slave_Lab_4.c: 94:         PIR1bits.ADIF = 0;
   709  009E  130C               	bcf	12,6	;volatile
   710  009F                     l1035:	
   711                           
   712                           ;../Laboratorio_4.X/Slave_Lab_4.c: 95:         ADCON0bits.GO = 1;
   713  009F  149F               	bsf	31,1	;volatile
   714  00A0                     l1037:	
   715                           
   716                           ;../Laboratorio_4.X/Slave_Lab_4.c: 96:         ADC_CH1_BIN = ADRESH;
   717  00A0  081E               	movf	30,w	;volatile
   718  00A1  00A0               	movwf	??_main
   719  00A2  0820               	movf	??_main,w
   720  00A3  00F9               	movwf	_ADC_CH1_BIN
   721  00A4                     l1039:	
   722                           
   723                           ;../Laboratorio_4.X/Slave_Lab_4.c: 98:         _delay((unsigned long)((5)*(8000000/4000.
      +                          0)));
   724  00A4  300D               	movlw	13
   725  00A5  1283               	bcf	3,5	;RP0=0, select bank0
   726  00A6  1303               	bcf	3,6	;RP1=0, select bank0
   727  00A7  00A1               	movwf	??_main+1
   728  00A8  30FB               	movlw	251
   729  00A9  00A0               	movwf	??_main
   730  00AA                     u87:	
   731  00AA  0BA0               	decfsz	??_main,f
   732  00AB  28AA               	goto	u87
   733  00AC  0BA1               	decfsz	??_main+1,f
   734  00AD  28AA               	goto	u87
   735  00AE                     l1041:	
   736                           
   737                           ;../Laboratorio_4.X/Slave_Lab_4.c: 100:         ADCON0bits.CHS0 = 1;
   738  00AE  1283               	bcf	3,5	;RP0=0, select bank0
   739  00AF  1303               	bcf	3,6	;RP1=0, select bank0
   740  00B0  151F               	bsf	31,2	;volatile
   741  00B1                     l1043:	
   742                           
   743                           ;../Laboratorio_4.X/Slave_Lab_4.c: 101:         ADCON0bits.CHS1 = 1;
   744  00B1  159F               	bsf	31,3	;volatile
   745  00B2                     l1045:	
   746                           
   747                           ;../Laboratorio_4.X/Slave_Lab_4.c: 102:         ADCON0bits.CHS2 = 0;
   748  00B2  121F               	bcf	31,4	;volatile
   749  00B3                     l1047:	
   750                           
   751                           ;../Laboratorio_4.X/Slave_Lab_4.c: 103:         ADCON0bits.CHS3 = 0;
   752  00B3  129F               	bcf	31,5	;volatile
   753  00B4                     l1049:	
   754                           
   755                           ;../Laboratorio_4.X/Slave_Lab_4.c: 105:         PIR1bits.ADIF = 0;
   756  00B4  130C               	bcf	12,6	;volatile
   757  00B5                     l1051:	
   758                           
   759                           ;../Laboratorio_4.X/Slave_Lab_4.c: 106:         ADCON0bits.GO = 1;
   760  00B5  149F               	bsf	31,1	;volatile
   761  00B6                     l1053:	
   762                           
   763                           ;../Laboratorio_4.X/Slave_Lab_4.c: 107:         ADC_CH2_BIN = ADRESH;
   764  00B6  081E               	movf	30,w	;volatile
   765  00B7  00A0               	movwf	??_main
   766  00B8  0820               	movf	??_main,w
   767  00B9  00F8               	movwf	_ADC_CH2_BIN
   768  00BA                     l1055:	
   769                           
   770                           ;../Laboratorio_4.X/Slave_Lab_4.c: 109:         _delay((unsigned long)((5)*(8000000/4000
      +                          .0)));
   771  00BA  300D               	movlw	13
   772  00BB  1283               	bcf	3,5	;RP0=0, select bank0
   773  00BC  1303               	bcf	3,6	;RP1=0, select bank0
   774  00BD  00A1               	movwf	??_main+1
   775  00BE  30FB               	movlw	251
   776  00BF  00A0               	movwf	??_main
   777  00C0                     u97:	
   778  00C0  0BA0               	decfsz	??_main,f
   779  00C1  28C0               	goto	u97
   780  00C2  0BA1               	decfsz	??_main+1,f
   781  00C3  28C0               	goto	u97
   782  00C4  288D               	goto	l1021
   783  00C5  120A  118A  280C   	ljmp	start
   784  00C8                     __end_of_main:	
   785                           
   786                           	psect	text1
   787  0016                     __ptext1:	
   788 ;; *************** function _initOsc *****************
   789 ;; Defined at:
   790 ;;		line 8 in file "../Laboratorio_4.X/Oscilador.c"
   791 ;; Parameters:    Size  Location     Type
   792 ;;  frec            1    wreg     unsigned char 
   793 ;; Auto vars:     Size  Location     Type
   794 ;;  frec            1    5[COMMON] unsigned char 
   795 ;; Return value:  Size  Location     Type
   796 ;;                  1    wreg      void 
   797 ;; Registers used:
   798 ;;		wreg, fsr0l, fsr0h, status,2, status,0
   799 ;; Tracked objects:
   800 ;;		On entry : 0/0
   801 ;;		On exit  : 0/0
   802 ;;		Unchanged: 0/0
   803 ;; Data sizes:     COMMON   BANK0   BANK1   BANK3   BANK2
   804 ;;      Params:         0       0       0       0       0
   805 ;;      Locals:         1       0       0       0       0
   806 ;;      Temps:          2       0       0       0       0
   807 ;;      Totals:         3       0       0       0       0
   808 ;;Total ram usage:        3 bytes
   809 ;; Hardware stack levels used:    1
   810 ;; Hardware stack levels required when called:    3
   811 ;; This function calls:
   812 ;;		Nothing
   813 ;; This function is called by:
   814 ;;		_main
   815 ;; This function uses a non-reentrant model
   816 ;;
   817                           
   818                           
   819                           ;psect for function _initOsc
   820  0016                     _initOsc:	
   821                           
   822                           ;incstack = 0
   823                           ; Regs used in _initOsc: [wreg-fsr0h+status,2+status,0]
   824                           ;initOsc@frec stored from wreg
   825  0016  00F5               	movwf	initOsc@frec
   826  0017                     l741:	
   827                           
   828                           ;../Laboratorio_4.X/Oscilador.c: 9:     switch(frec){
   829  0017  284E               	goto	l745
   830  0018                     l20:	
   831                           ;../Laboratorio_4.X/Oscilador.c: 10:         case 0:
   832                           
   833                           
   834                           ;../Laboratorio_4.X/Oscilador.c: 11:             OSCCONbits.IRCF0 = 0;
   835  0018  1683               	bsf	3,5	;RP0=1, select bank1
   836  0019  1303               	bcf	3,6	;RP1=0, select bank1
   837  001A  120F               	bcf	15,4	;volatile
   838                           
   839                           ;../Laboratorio_4.X/Oscilador.c: 12:             OSCCONbits.IRCF1 = 0;
   840  001B  128F               	bcf	15,5	;volatile
   841                           
   842                           ;../Laboratorio_4.X/Oscilador.c: 13:             OSCCONbits.IRCF2 = 0;
   843  001C  130F               	bcf	15,6	;volatile
   844                           
   845                           ;../Laboratorio_4.X/Oscilador.c: 14:             break;
   846  001D  2870               	goto	l21
   847  001E                     l22:	
   848                           ;../Laboratorio_4.X/Oscilador.c: 15:         case 1:
   849                           
   850                           
   851                           ;../Laboratorio_4.X/Oscilador.c: 16:             OSCCONbits.IRCF0 = 1;
   852  001E  1683               	bsf	3,5	;RP0=1, select bank1
   853  001F  1303               	bcf	3,6	;RP1=0, select bank1
   854  0020  160F               	bsf	15,4	;volatile
   855                           
   856                           ;../Laboratorio_4.X/Oscilador.c: 17:             OSCCONbits.IRCF1 = 0;
   857  0021  128F               	bcf	15,5	;volatile
   858                           
   859                           ;../Laboratorio_4.X/Oscilador.c: 18:             OSCCONbits.IRCF2 = 0;
   860  0022  130F               	bcf	15,6	;volatile
   861                           
   862                           ;../Laboratorio_4.X/Oscilador.c: 19:             break;
   863  0023  2870               	goto	l21
   864  0024                     l23:	
   865                           ;../Laboratorio_4.X/Oscilador.c: 20:         case 2:
   866                           
   867                           
   868                           ;../Laboratorio_4.X/Oscilador.c: 21:             OSCCONbits.IRCF0 = 0;
   869  0024  1683               	bsf	3,5	;RP0=1, select bank1
   870  0025  1303               	bcf	3,6	;RP1=0, select bank1
   871  0026  120F               	bcf	15,4	;volatile
   872                           
   873                           ;../Laboratorio_4.X/Oscilador.c: 22:             OSCCONbits.IRCF1 = 1;
   874  0027  168F               	bsf	15,5	;volatile
   875                           
   876                           ;../Laboratorio_4.X/Oscilador.c: 23:             OSCCONbits.IRCF2 = 0;
   877  0028  130F               	bcf	15,6	;volatile
   878                           
   879                           ;../Laboratorio_4.X/Oscilador.c: 24:             break;
   880  0029  2870               	goto	l21
   881  002A                     l24:	
   882                           ;../Laboratorio_4.X/Oscilador.c: 25:         case 3:
   883                           
   884                           
   885                           ;../Laboratorio_4.X/Oscilador.c: 26:             OSCCONbits.IRCF0 = 1;
   886  002A  1683               	bsf	3,5	;RP0=1, select bank1
   887  002B  1303               	bcf	3,6	;RP1=0, select bank1
   888  002C  160F               	bsf	15,4	;volatile
   889                           
   890                           ;../Laboratorio_4.X/Oscilador.c: 27:             OSCCONbits.IRCF1 = 1;
   891  002D  168F               	bsf	15,5	;volatile
   892                           
   893                           ;../Laboratorio_4.X/Oscilador.c: 28:             OSCCONbits.IRCF2 = 0;
   894  002E  130F               	bcf	15,6	;volatile
   895                           
   896                           ;../Laboratorio_4.X/Oscilador.c: 29:             break;
   897  002F  2870               	goto	l21
   898  0030                     l25:	
   899                           ;../Laboratorio_4.X/Oscilador.c: 30:         case 4:
   900                           
   901                           
   902                           ;../Laboratorio_4.X/Oscilador.c: 31:             OSCCONbits.IRCF0 = 0;
   903  0030  1683               	bsf	3,5	;RP0=1, select bank1
   904  0031  1303               	bcf	3,6	;RP1=0, select bank1
   905  0032  120F               	bcf	15,4	;volatile
   906                           
   907                           ;../Laboratorio_4.X/Oscilador.c: 32:             OSCCONbits.IRCF1 = 0;
   908  0033  128F               	bcf	15,5	;volatile
   909                           
   910                           ;../Laboratorio_4.X/Oscilador.c: 33:             OSCCONbits.IRCF2 = 1;
   911  0034  170F               	bsf	15,6	;volatile
   912                           
   913                           ;../Laboratorio_4.X/Oscilador.c: 34:             break;
   914  0035  2870               	goto	l21
   915  0036                     l26:	
   916                           ;../Laboratorio_4.X/Oscilador.c: 35:         case 5:
   917                           
   918                           
   919                           ;../Laboratorio_4.X/Oscilador.c: 36:             OSCCONbits.IRCF0 = 1;
   920  0036  1683               	bsf	3,5	;RP0=1, select bank1
   921  0037  1303               	bcf	3,6	;RP1=0, select bank1
   922  0038  160F               	bsf	15,4	;volatile
   923                           
   924                           ;../Laboratorio_4.X/Oscilador.c: 37:             OSCCONbits.IRCF1 = 0;
   925  0039  128F               	bcf	15,5	;volatile
   926                           
   927                           ;../Laboratorio_4.X/Oscilador.c: 38:             OSCCONbits.IRCF2 = 1;
   928  003A  170F               	bsf	15,6	;volatile
   929                           
   930                           ;../Laboratorio_4.X/Oscilador.c: 39:             break;
   931  003B  2870               	goto	l21
   932  003C                     l27:	
   933                           ;../Laboratorio_4.X/Oscilador.c: 40:         case 6:
   934                           
   935                           
   936                           ;../Laboratorio_4.X/Oscilador.c: 41:             OSCCONbits.IRCF0 = 0;
   937  003C  1683               	bsf	3,5	;RP0=1, select bank1
   938  003D  1303               	bcf	3,6	;RP1=0, select bank1
   939  003E  120F               	bcf	15,4	;volatile
   940                           
   941                           ;../Laboratorio_4.X/Oscilador.c: 42:             OSCCONbits.IRCF1 = 1;
   942  003F  168F               	bsf	15,5	;volatile
   943                           
   944                           ;../Laboratorio_4.X/Oscilador.c: 43:             OSCCONbits.IRCF2 = 1;
   945  0040  170F               	bsf	15,6	;volatile
   946                           
   947                           ;../Laboratorio_4.X/Oscilador.c: 44:             break;
   948  0041  2870               	goto	l21
   949  0042                     l28:	
   950                           ;../Laboratorio_4.X/Oscilador.c: 45:         case 7:
   951                           
   952                           
   953                           ;../Laboratorio_4.X/Oscilador.c: 46:             OSCCONbits.IRCF0 = 1;
   954  0042  1683               	bsf	3,5	;RP0=1, select bank1
   955  0043  1303               	bcf	3,6	;RP1=0, select bank1
   956  0044  160F               	bsf	15,4	;volatile
   957                           
   958                           ;../Laboratorio_4.X/Oscilador.c: 47:             OSCCONbits.IRCF1 = 1;
   959  0045  168F               	bsf	15,5	;volatile
   960                           
   961                           ;../Laboratorio_4.X/Oscilador.c: 48:             OSCCONbits.IRCF2 = 1;
   962  0046  170F               	bsf	15,6	;volatile
   963                           
   964                           ;../Laboratorio_4.X/Oscilador.c: 49:             break;
   965  0047  2870               	goto	l21
   966  0048                     l29:	
   967                           ;../Laboratorio_4.X/Oscilador.c: 50:         default:
   968                           
   969                           
   970                           ;../Laboratorio_4.X/Oscilador.c: 51:             OSCCONbits.IRCF0 = 0;
   971  0048  1683               	bsf	3,5	;RP0=1, select bank1
   972  0049  1303               	bcf	3,6	;RP1=0, select bank1
   973  004A  120F               	bcf	15,4	;volatile
   974                           
   975                           ;../Laboratorio_4.X/Oscilador.c: 52:             OSCCONbits.IRCF1 = 1;
   976  004B  168F               	bsf	15,5	;volatile
   977                           
   978                           ;../Laboratorio_4.X/Oscilador.c: 53:             OSCCONbits.IRCF2 = 1;
   979  004C  170F               	bsf	15,6	;volatile
   980                           
   981                           ;../Laboratorio_4.X/Oscilador.c: 54:             break;
   982  004D  2870               	goto	l21
   983  004E                     l745:	
   984  004E  0875               	movf	initOsc@frec,w
   985  004F  00F3               	movwf	??_initOsc
   986  0050  01F4               	clrf	??_initOsc+1
   987                           
   988                           ; Switch on 2 bytes has been partitioned into a top level switch of size 1, and 1 sub-sw
      +                          itches
   989                           ; Switch size 1, requested type "simple"
   990                           ; Number of cases is 1, Range of values is 0 to 0
   991                           ; switch strategies available:
   992                           ; Name         Instructions Cycles
   993                           ; simple_byte            4     3 (average)
   994                           ; direct_byte           11     8 (fixed)
   995                           ; jumptable            260     6 (fixed)
   996                           ;	Chosen strategy is simple_byte
   997  0051  0874               	movf	??_initOsc+1,w
   998  0052  3A00               	xorlw	0	; case 0
   999  0053  1903               	skipnz
  1000  0054  2856               	goto	l1077
  1001  0055  2848               	goto	l29
  1002  0056                     l1077:	
  1003                           
  1004                           ; Switch size 1, requested type "simple"
  1005                           ; Number of cases is 8, Range of values is 0 to 7
  1006                           ; switch strategies available:
  1007                           ; Name         Instructions Cycles
  1008                           ; simple_byte           25    13 (average)
  1009                           ; direct_byte           32     8 (fixed)
  1010                           ; jumptable            260     6 (fixed)
  1011                           ;	Chosen strategy is simple_byte
  1012  0056  0873               	movf	??_initOsc,w
  1013  0057  3A00               	xorlw	0	; case 0
  1014  0058  1903               	skipnz
  1015  0059  2818               	goto	l20
  1016  005A  3A01               	xorlw	1	; case 1
  1017  005B  1903               	skipnz
  1018  005C  281E               	goto	l22
  1019  005D  3A03               	xorlw	3	; case 2
  1020  005E  1903               	skipnz
  1021  005F  2824               	goto	l23
  1022  0060  3A01               	xorlw	1	; case 3
  1023  0061  1903               	skipnz
  1024  0062  282A               	goto	l24
  1025  0063  3A07               	xorlw	7	; case 4
  1026  0064  1903               	skipnz
  1027  0065  2830               	goto	l25
  1028  0066  3A01               	xorlw	1	; case 5
  1029  0067  1903               	skipnz
  1030  0068  2836               	goto	l26
  1031  0069  3A03               	xorlw	3	; case 6
  1032  006A  1903               	skipnz
  1033  006B  283C               	goto	l27
  1034  006C  3A01               	xorlw	1	; case 7
  1035  006D  1903               	skipnz
  1036  006E  2842               	goto	l28
  1037  006F  2848               	goto	l29
  1038  0070                     l21:	
  1039                           
  1040                           ;../Laboratorio_4.X/Oscilador.c: 57:     OSCCONbits.SCS = 1;
  1041  0070  140F               	bsf	15,0	;volatile
  1042  0071                     l30:	
  1043  0071  0008               	return
  1044  0072                     __end_of_initOsc:	
  1045                           
  1046                           	psect	text2
  1047  00F9                     __ptext2:	
  1048 ;; *************** function _init *****************
  1049 ;; Defined at:
  1050 ;;		line 117 in file "../Laboratorio_4.X/Slave_Lab_4.c"
  1051 ;; Parameters:    Size  Location     Type
  1052 ;;		None
  1053 ;; Auto vars:     Size  Location     Type
  1054 ;;		None
  1055 ;; Return value:  Size  Location     Type
  1056 ;;                  1    wreg      void 
  1057 ;; Registers used:
  1058 ;;		wreg, status,2, status,0, pclath, cstack
  1059 ;; Tracked objects:
  1060 ;;		On entry : 0/0
  1061 ;;		On exit  : 0/0
  1062 ;;		Unchanged: 0/0
  1063 ;; Data sizes:     COMMON   BANK0   BANK1   BANK3   BANK2
  1064 ;;      Params:         0       0       0       0       0
  1065 ;;      Locals:         0       0       0       0       0
  1066 ;;      Temps:          0       0       0       0       0
  1067 ;;      Totals:         0       0       0       0       0
  1068 ;;Total ram usage:        0 bytes
  1069 ;; Hardware stack levels used:    1
  1070 ;; Hardware stack levels required when called:    4
  1071 ;; This function calls:
  1072 ;;		_spiInit
  1073 ;; This function is called by:
  1074 ;;		_main
  1075 ;; This function uses a non-reentrant model
  1076 ;;
  1077                           
  1078                           
  1079                           ;psect for function _init
  1080  00F9                     _init:	
  1081  00F9                     l899:	
  1082                           ;incstack = 0
  1083                           ; Regs used in _init: [wreg+status,2+status,0+pclath+cstack]
  1084                           
  1085                           
  1086                           ;../Laboratorio_4.X/Slave_Lab_4.c: 118:     TRISA = 0b00001001;
  1087  00F9  3009               	movlw	9
  1088  00FA  1683               	bsf	3,5	;RP0=1, select bank1
  1089  00FB  1303               	bcf	3,6	;RP1=0, select bank1
  1090  00FC  0085               	movwf	5	;volatile
  1091  00FD                     l901:	
  1092                           
  1093                           ;../Laboratorio_4.X/Slave_Lab_4.c: 119:     TRISB = 0;
  1094  00FD  0186               	clrf	6	;volatile
  1095  00FE                     l903:	
  1096                           
  1097                           ;../Laboratorio_4.X/Slave_Lab_4.c: 120:     TRISC = 0b00001000;
  1098  00FE  3008               	movlw	8
  1099  00FF  0087               	movwf	7	;volatile
  1100                           
  1101                           ;../Laboratorio_4.X/Slave_Lab_4.c: 121:     TRISD = 0;
  1102  0100  0188               	clrf	8	;volatile
  1103  0101                     l905:	
  1104                           
  1105                           ;../Laboratorio_4.X/Slave_Lab_4.c: 122:     ANSEL = 0b00001001;
  1106  0101  3009               	movlw	9
  1107  0102  1683               	bsf	3,5	;RP0=1, select bank3
  1108  0103  1703               	bsf	3,6	;RP1=1, select bank3
  1109  0104  0088               	movwf	8	;volatile
  1110  0105                     l907:	
  1111                           
  1112                           ;../Laboratorio_4.X/Slave_Lab_4.c: 123:     ANSELH = 0;
  1113  0105  0189               	clrf	9	;volatile
  1114                           
  1115                           ;../Laboratorio_4.X/Slave_Lab_4.c: 124:     INTCON = 0b11100000;
  1116  0106  30E0               	movlw	224
  1117  0107  008B               	movwf	11	;volatile
  1118  0108                     l909:	
  1119                           
  1120                           ;../Laboratorio_4.X/Slave_Lab_4.c: 125:     PIR1bits.SSPIF = 0;
  1121  0108  1283               	bcf	3,5	;RP0=0, select bank0
  1122  0109  1303               	bcf	3,6	;RP1=0, select bank0
  1123  010A  118C               	bcf	12,3	;volatile
  1124  010B                     l911:	
  1125                           
  1126                           ;../Laboratorio_4.X/Slave_Lab_4.c: 126:     PIE1bits.SSPIE = 1;
  1127  010B  1683               	bsf	3,5	;RP0=1, select bank1
  1128  010C  1303               	bcf	3,6	;RP1=0, select bank1
  1129  010D  158C               	bsf	12,3	;volatile
  1130  010E                     l913:	
  1131                           
  1132                           ;../Laboratorio_4.X/Slave_Lab_4.c: 127:     TRISAbits.TRISA5 = 1;
  1133  010E  1685               	bsf	5,5	;volatile
  1134  010F                     l915:	
  1135                           
  1136                           ;../Laboratorio_4.X/Slave_Lab_4.c: 129:     spiInit(SPI_SLAVE_SS_EN, SPI_DATA_SAMPLE_MID
      +                          DLE, SPI_CLOCK_IDLE_LOW, SPI_IDLE_2_ACTIVE);
  1137  010F  01F3               	clrf	spiInit@sDataSample
  1138  0110  01F4               	clrf	spiInit@sClockIdle
  1139  0111  01F5               	clrf	spiInit@sTransmitEdge
  1140  0112  3024               	movlw	36
  1141  0113  120A  118A  2119  120A  118A  	fcall	_spiInit
  1142  0118                     l137:	
  1143  0118  0008               	return
  1144  0119                     __end_of_init:	
  1145                           
  1146                           	psect	text3
  1147  0119                     __ptext3:	
  1148 ;; *************** function _spiInit *****************
  1149 ;; Defined at:
  1150 ;;		line 10 in file "../Laboratorio_4.X/SPI.c"
  1151 ;; Parameters:    Size  Location     Type
  1152 ;;  sType           1    wreg     enum E1264
  1153 ;;  sDataSample     1    3[COMMON] enum E1272
  1154 ;;  sClockIdle      1    4[COMMON] enum E1276
  1155 ;;  sTransmitEdg    1    5[COMMON] enum E1280
  1156 ;; Auto vars:     Size  Location     Type
  1157 ;;  sType           1    6[COMMON] enum E1264
  1158 ;; Return value:  Size  Location     Type
  1159 ;;                  1    wreg      void 
  1160 ;; Registers used:
  1161 ;;		wreg, status,2, status,0
  1162 ;; Tracked objects:
  1163 ;;		On entry : 0/0
  1164 ;;		On exit  : 0/0
  1165 ;;		Unchanged: 0/0
  1166 ;; Data sizes:     COMMON   BANK0   BANK1   BANK3   BANK2
  1167 ;;      Params:         3       0       0       0       0
  1168 ;;      Locals:         1       0       0       0       0
  1169 ;;      Temps:          0       0       0       0       0
  1170 ;;      Totals:         4       0       0       0       0
  1171 ;;Total ram usage:        4 bytes
  1172 ;; Hardware stack levels used:    1
  1173 ;; Hardware stack levels required when called:    3
  1174 ;; This function calls:
  1175 ;;		Nothing
  1176 ;; This function is called by:
  1177 ;;		_init
  1178 ;; This function uses a non-reentrant model
  1179 ;;
  1180                           
  1181                           
  1182                           ;psect for function _spiInit
  1183  0119                     _spiInit:	
  1184                           
  1185                           ;incstack = 0
  1186                           ; Regs used in _spiInit: [wreg+status,2+status,0]
  1187                           ;spiInit@sType stored from wreg
  1188  0119  00F6               	movwf	spiInit@sType
  1189  011A                     l889:	
  1190                           
  1191                           ;../Laboratorio_4.X/SPI.c: 10: void spiInit(Spi_Type sType, Spi_Data_Sample sDataSample,
      +                           Spi_Clock_Idle sClockIdle, Spi_Transmit_Edge sTransmitEdge);../Laboratorio_4.X/SPI.c: 1
      +                          1: {;../Laboratorio_4.X/SPI.c: 12:     TRISC5 = 0;
  1192  011A  1683               	bsf	3,5	;RP0=1, select bank1
  1193  011B  1303               	bcf	3,6	;RP1=0, select bank1
  1194  011C  1287               	bcf	7,5	;volatile
  1195                           
  1196                           ;../Laboratorio_4.X/SPI.c: 13:     if(sType & 0b00000100)
  1197  011D  1D76               	btfss	spiInit@sType,2
  1198  011E  2920               	goto	u61
  1199  011F  2921               	goto	u60
  1200  0120                     u61:	
  1201  0120  2925               	goto	l895
  1202  0121                     u60:	
  1203  0121                     l891:	
  1204                           
  1205                           ;../Laboratorio_4.X/SPI.c: 14:     {;../Laboratorio_4.X/SPI.c: 15:         SSPSTAT = sTr
      +                          ansmitEdge;
  1206  0121  0875               	movf	spiInit@sTransmitEdge,w
  1207  0122  0094               	movwf	20	;volatile
  1208  0123                     l893:	
  1209                           
  1210                           ;../Laboratorio_4.X/SPI.c: 16:         TRISC3 = 1;
  1211  0123  1587               	bsf	7,3	;volatile
  1212                           
  1213                           ;../Laboratorio_4.X/SPI.c: 17:     }
  1214  0124  2929               	goto	l46
  1215  0125                     l895:	
  1216                           
  1217                           ;../Laboratorio_4.X/SPI.c: 19:     {;../Laboratorio_4.X/SPI.c: 20:         SSPSTAT = sDa
      +                          taSample | sTransmitEdge;
  1218  0125  0873               	movf	spiInit@sDataSample,w
  1219  0126  0475               	iorwf	spiInit@sTransmitEdge,w
  1220  0127  0094               	movwf	20	;volatile
  1221  0128                     l897:	
  1222                           
  1223                           ;../Laboratorio_4.X/SPI.c: 21:         TRISC3 = 0;
  1224  0128  1187               	bcf	7,3	;volatile
  1225  0129                     l46:	
  1226                           ;../Laboratorio_4.X/SPI.c: 22:     }
  1227                           
  1228                           
  1229                           ;../Laboratorio_4.X/SPI.c: 24:     SSPCON = sType | sClockIdle;
  1230  0129  0876               	movf	spiInit@sType,w
  1231  012A  0474               	iorwf	spiInit@sClockIdle,w
  1232  012B  1283               	bcf	3,5	;RP0=0, select bank0
  1233  012C  1303               	bcf	3,6	;RP1=0, select bank0
  1234  012D  0094               	movwf	20	;volatile
  1235  012E                     l47:	
  1236  012E  0008               	return
  1237  012F                     __end_of_spiInit:	
  1238                           
  1239                           	psect	text4
  1240  00C8                     __ptext4:	
  1241 ;; *************** function _isr *****************
  1242 ;; Defined at:
  1243 ;;		line 54 in file "../Laboratorio_4.X/Slave_Lab_4.c"
  1244 ;; Parameters:    Size  Location     Type
  1245 ;;		None
  1246 ;; Auto vars:     Size  Location     Type
  1247 ;;		None
  1248 ;; Return value:  Size  Location     Type
  1249 ;;                  1    wreg      void 
  1250 ;; Registers used:
  1251 ;;		wreg, status,2, status,0, pclath, cstack
  1252 ;; Tracked objects:
  1253 ;;		On entry : 0/0
  1254 ;;		On exit  : 0/0
  1255 ;;		Unchanged: 0/0
  1256 ;; Data sizes:     COMMON   BANK0   BANK1   BANK3   BANK2
  1257 ;;      Params:         0       0       0       0       0
  1258 ;;      Locals:         0       0       0       0       0
  1259 ;;      Temps:          2       0       0       0       0
  1260 ;;      Totals:         2       0       0       0       0
  1261 ;;Total ram usage:        2 bytes
  1262 ;; Hardware stack levels used:    1
  1263 ;; Hardware stack levels required when called:    2
  1264 ;; This function calls:
  1265 ;;		_spiRead
  1266 ;;		_spiWrite
  1267 ;; This function is called by:
  1268 ;;		Interrupt level 1
  1269 ;; This function uses a non-reentrant model
  1270 ;;
  1271                           
  1272                           
  1273                           ;psect for function _isr
  1274  00C8                     _isr:	
  1275  00C8                     i1l795:	
  1276                           
  1277                           ;../Laboratorio_4.X/Slave_Lab_4.c: 56:        if(SSPIF == 1){
  1278  00C8  1283               	bcf	3,5	;RP0=0, select bank0
  1279  00C9  1303               	bcf	3,6	;RP1=0, select bank0
  1280  00CA  1D8C               	btfss	12,3	;volatile
  1281  00CB  28CD               	goto	u3_21
  1282  00CC  28CE               	goto	u3_20
  1283  00CD                     u3_21:	
  1284  00CD  28F2               	goto	i1l126
  1285  00CE                     u3_20:	
  1286  00CE                     i1l797:	
  1287                           
  1288                           ;../Laboratorio_4.X/Slave_Lab_4.c: 57:            PORTD = spiRead();
  1289  00CE  120A  118A  212F  120A  118A  	fcall	_spiRead
  1290  00D3  1283               	bcf	3,5	;RP0=0, select bank0
  1291  00D4  1303               	bcf	3,6	;RP1=0, select bank0
  1292  00D5  0088               	movwf	8	;volatile
  1293  00D6                     i1l799:	
  1294                           
  1295                           ;../Laboratorio_4.X/Slave_Lab_4.c: 58:            if (PORTD == 1){
  1296  00D6  0308               	decf	8,w	;volatile
  1297  00D7  1D03               	btfss	3,2
  1298  00D8  28DA               	goto	u4_21
  1299  00D9  28DB               	goto	u4_20
  1300  00DA                     u4_21:	
  1301  00DA  28E1               	goto	i1l803
  1302  00DB                     u4_20:	
  1303  00DB                     i1l801:	
  1304                           
  1305                           ;../Laboratorio_4.X/Slave_Lab_4.c: 59:                spiWrite(ADC_CH1_BIN);
  1306  00DB  0879               	movf	_ADC_CH1_BIN,w
  1307  00DC  120A  118A  213F  120A  118A  	fcall	_spiWrite
  1308  00E1                     i1l803:	
  1309                           
  1310                           ;../Laboratorio_4.X/Slave_Lab_4.c: 61:            if (PORTD == 2){
  1311  00E1  3002               	movlw	2
  1312  00E2  1283               	bcf	3,5	;RP0=0, select bank0
  1313  00E3  1303               	bcf	3,6	;RP1=0, select bank0
  1314  00E4  0608               	xorwf	8,w	;volatile
  1315  00E5  1D03               	btfss	3,2
  1316  00E6  28E8               	goto	u5_21
  1317  00E7  28E9               	goto	u5_20
  1318  00E8                     u5_21:	
  1319  00E8  28EF               	goto	i1l807
  1320  00E9                     u5_20:	
  1321  00E9                     i1l805:	
  1322                           
  1323                           ;../Laboratorio_4.X/Slave_Lab_4.c: 62:                spiWrite(ADC_CH2_BIN);
  1324  00E9  0878               	movf	_ADC_CH2_BIN,w
  1325  00EA  120A  118A  213F  120A  118A  	fcall	_spiWrite
  1326  00EF                     i1l807:	
  1327                           
  1328                           ;../Laboratorio_4.X/Slave_Lab_4.c: 64:         SSPIF = 0;
  1329  00EF  1283               	bcf	3,5	;RP0=0, select bank0
  1330  00F0  1303               	bcf	3,6	;RP1=0, select bank0
  1331  00F1  118C               	bcf	12,3	;volatile
  1332  00F2                     i1l126:	
  1333  00F2  0872               	movf	??_isr+1,w
  1334  00F3  008A               	movwf	10
  1335  00F4  0E71               	swapf	??_isr^(0+4294967168),w
  1336  00F5  0083               	movwf	3
  1337  00F6  0EFE               	swapf	btemp,f
  1338  00F7  0E7E               	swapf	btemp,w
  1339  00F8  0009               	retfie
  1340  00F9                     __end_of_isr:	
  1341                           
  1342                           	psect	intentry
  1343  0004                     __pintentry:	
  1344                           ;incstack = 0
  1345                           ; Regs used in _isr: [wreg+status,2+status,0+pclath+cstack]
  1346                           
  1347  0004                     interrupt_function:	
  1348  007E                     saved_w	set	btemp
  1349  0004  00FE               	movwf	btemp
  1350  0005  0E03               	swapf	3,w
  1351  0006  00F1               	movwf	??_isr
  1352  0007  080A               	movf	10,w
  1353  0008  00F2               	movwf	??_isr+1
  1354  0009  120A  118A  28C8   	ljmp	_isr
  1355                           
  1356                           	psect	text5
  1357  013F                     __ptext5:	
  1358 ;; *************** function _spiWrite *****************
  1359 ;; Defined at:
  1360 ;;		line 32 in file "../Laboratorio_4.X/SPI.c"
  1361 ;; Parameters:    Size  Location     Type
  1362 ;;  dat             1    wreg     unsigned char 
  1363 ;; Auto vars:     Size  Location     Type
  1364 ;;  dat             1    0[COMMON] unsigned char 
  1365 ;; Return value:  Size  Location     Type
  1366 ;;                  1    wreg      void 
  1367 ;; Registers used:
  1368 ;;		wreg
  1369 ;; Tracked objects:
  1370 ;;		On entry : 0/0
  1371 ;;		On exit  : 0/0
  1372 ;;		Unchanged: 0/0
  1373 ;; Data sizes:     COMMON   BANK0   BANK1   BANK3   BANK2
  1374 ;;      Params:         0       0       0       0       0
  1375 ;;      Locals:         1       0       0       0       0
  1376 ;;      Temps:          0       0       0       0       0
  1377 ;;      Totals:         1       0       0       0       0
  1378 ;;Total ram usage:        1 bytes
  1379 ;; Hardware stack levels used:    1
  1380 ;; This function calls:
  1381 ;;		Nothing
  1382 ;; This function is called by:
  1383 ;;		_isr
  1384 ;; This function uses a non-reentrant model
  1385 ;;
  1386                           
  1387                           
  1388                           ;psect for function _spiWrite
  1389  013F                     _spiWrite:	
  1390                           
  1391                           ;incstack = 0
  1392                           ; Regs used in _spiWrite: [wreg]
  1393                           ;spiWrite@dat stored from wreg
  1394  013F  00F0               	movwf	spiWrite@dat
  1395  0140                     i1l751:	
  1396                           
  1397                           ;../Laboratorio_4.X/SPI.c: 32: void spiWrite(char dat);../Laboratorio_4.X/SPI.c: 33: {;.
      +                          ./Laboratorio_4.X/SPI.c: 34:     SSPBUF = dat;
  1398  0140  0870               	movf	spiWrite@dat,w
  1399  0141  1283               	bcf	3,5	;RP0=0, select bank0
  1400  0142  1303               	bcf	3,6	;RP1=0, select bank0
  1401  0143  0093               	movwf	19	;volatile
  1402  0144                     i1l56:	
  1403  0144  0008               	return
  1404  0145                     __end_of_spiWrite:	
  1405                           
  1406                           	psect	text6
  1407  012F                     __ptext6:	
  1408 ;; *************** function _spiRead *****************
  1409 ;; Defined at:
  1410 ;;		line 45 in file "../Laboratorio_4.X/SPI.c"
  1411 ;; Parameters:    Size  Location     Type
  1412 ;;		None
  1413 ;; Auto vars:     Size  Location     Type
  1414 ;;		None
  1415 ;; Return value:  Size  Location     Type
  1416 ;;                  1    wreg      unsigned char 
  1417 ;; Registers used:
  1418 ;;		wreg, status,2, status,0, pclath, cstack
  1419 ;; Tracked objects:
  1420 ;;		On entry : 0/0
  1421 ;;		On exit  : 0/0
  1422 ;;		Unchanged: 0/0
  1423 ;; Data sizes:     COMMON   BANK0   BANK1   BANK3   BANK2
  1424 ;;      Params:         0       0       0       0       0
  1425 ;;      Locals:         0       0       0       0       0
  1426 ;;      Temps:          0       0       0       0       0
  1427 ;;      Totals:         0       0       0       0       0
  1428 ;;Total ram usage:        0 bytes
  1429 ;; Hardware stack levels used:    1
  1430 ;; Hardware stack levels required when called:    1
  1431 ;; This function calls:
  1432 ;;		_spiReceiveWait
  1433 ;; This function is called by:
  1434 ;;		_isr
  1435 ;; This function uses a non-reentrant model
  1436 ;;
  1437                           
  1438                           
  1439                           ;psect for function _spiRead
  1440  012F                     _spiRead:	
  1441  012F                     i1l753:	
  1442                           ;incstack = 0
  1443                           ; Regs used in _spiRead: [wreg+status,2+status,0+pclath+cstack]
  1444                           
  1445                           
  1446                           ;../Laboratorio_4.X/SPI.c: 47:     spiReceiveWait();
  1447  012F  120A  118A  2138  120A  118A  	fcall	_spiReceiveWait
  1448  0134                     i1l755:	
  1449                           
  1450                           ;../Laboratorio_4.X/SPI.c: 48:     return(SSPBUF);
  1451  0134  1283               	bcf	3,5	;RP0=0, select bank0
  1452  0135  1303               	bcf	3,6	;RP1=0, select bank0
  1453  0136  0813               	movf	19,w	;volatile
  1454  0137                     i1l64:	
  1455  0137  0008               	return
  1456  0138                     __end_of_spiRead:	
  1457                           
  1458                           	psect	text7
  1459  0138                     __ptext7:	
  1460 ;; *************** function _spiReceiveWait *****************
  1461 ;; Defined at:
  1462 ;;		line 27 in file "../Laboratorio_4.X/SPI.c"
  1463 ;; Parameters:    Size  Location     Type
  1464 ;;		None
  1465 ;; Auto vars:     Size  Location     Type
  1466 ;;		None
  1467 ;; Return value:  Size  Location     Type
  1468 ;;                  1    wreg      void 
  1469 ;; Registers used:
  1470 ;;		None
  1471 ;; Tracked objects:
  1472 ;;		On entry : 0/0
  1473 ;;		On exit  : 0/0
  1474 ;;		Unchanged: 0/0
  1475 ;; Data sizes:     COMMON   BANK0   BANK1   BANK3   BANK2
  1476 ;;      Params:         0       0       0       0       0
  1477 ;;      Locals:         0       0       0       0       0
  1478 ;;      Temps:          0       0       0       0       0
  1479 ;;      Totals:         0       0       0       0       0
  1480 ;;Total ram usage:        0 bytes
  1481 ;; Hardware stack levels used:    1
  1482 ;; This function calls:
  1483 ;;		Nothing
  1484 ;; This function is called by:
  1485 ;;		_spiRead
  1486 ;; This function uses a non-reentrant model
  1487 ;;
  1488                           
  1489                           
  1490                           ;psect for function _spiReceiveWait
  1491  0138                     _spiReceiveWait:	
  1492  0138                     i1l739:	
  1493                           ;incstack = 0
  1494                           ; Regs used in _spiReceiveWait: []
  1495                           
  1496  0138                     i1l50:	
  1497                           ;../Laboratorio_4.X/SPI.c: 29:     while ( !SSPSTATbits.BF );
  1498                           
  1499  0138  1683               	bsf	3,5	;RP0=1, select bank1
  1500  0139  1303               	bcf	3,6	;RP1=0, select bank1
  1501  013A  1C14               	btfss	20,0	;volatile
  1502  013B  293D               	goto	u2_21
  1503  013C  293E               	goto	u2_20
  1504  013D                     u2_21:	
  1505  013D  2938               	goto	i1l50
  1506  013E                     u2_20:	
  1507  013E                     i1l53:	
  1508  013E  0008               	return
  1509  013F                     __end_of_spiReceiveWait:	
  1510  007E                     btemp	set	126	;btemp
  1511  007E                     wtemp0	set	126


Data Sizes:
    Strings     0
    Constant    0
    Data        0
    BSS         3
    Persistent  0
    Stack       0

Auto Spaces:
    Space          Size  Autos    Used
    COMMON           14      7      10
    BANK0            80      2       2
    BANK1            80      0       0
    BANK3            96      0       0
    BANK2            96      0       0

Pointer List with Targets:

    None.

Critical Paths under _main in COMMON

    _init->_spiInit

Critical Paths under _isr in COMMON

    _isr->_spiWrite

Critical Paths under _main in BANK0

    None.

Critical Paths under _isr in BANK0

    None.

Critical Paths under _main in BANK1

    None.

Critical Paths under _isr in BANK1

    None.

Critical Paths under _main in BANK3

    None.

Critical Paths under _isr in BANK3

    None.

Critical Paths under _main in BANK2

    None.

Critical Paths under _isr in BANK2

    None.

Call Graph Tables:

 ---------------------------------------------------------------------------------
 (Depth) Function   	        Calls       Base Space   Used Autos Params    Refs
 ---------------------------------------------------------------------------------
 (0) _main                                                 2     2      0     375
                                              0 BANK0      2     2      0
                               _init
                            _initOsc
 ---------------------------------------------------------------------------------
 (1) _initOsc                                              3     3      0      15
                                              3 COMMON     3     3      0
 ---------------------------------------------------------------------------------
 (1) _init                                                 0     0      0     360
                            _spiInit
 ---------------------------------------------------------------------------------
 (2) _spiInit                                              4     1      3     360
                                              3 COMMON     4     1      3
 ---------------------------------------------------------------------------------
 Estimated maximum stack depth 2
 ---------------------------------------------------------------------------------
 (Depth) Function   	        Calls       Base Space   Used Autos Params    Refs
 ---------------------------------------------------------------------------------
 (3) _isr                                                  2     2      0      15
                                              1 COMMON     2     2      0
                            _spiRead
                           _spiWrite
 ---------------------------------------------------------------------------------
 (4) _spiWrite                                             1     1      0      15
                                              0 COMMON     1     1      0
 ---------------------------------------------------------------------------------
 (4) _spiRead                                              0     0      0       0
                     _spiReceiveWait
 ---------------------------------------------------------------------------------
 (5) _spiReceiveWait                                       0     0      0       0
 ---------------------------------------------------------------------------------
 Estimated maximum stack depth 5
 ---------------------------------------------------------------------------------

 Call Graph Graphs:

 _main (ROOT)
   _init
     _spiInit
   _initOsc

 _isr (ROOT)
   _spiRead
     _spiReceiveWait
   _spiWrite

 Address spaces:
Name               Size   Autos  Total    Cost      Usage
BITCOMMON            E      0       0       0        0.0%
EEDATA             100      0       0       0        0.0%
NULL                 0      0       0       0        0.0%
CODE                 0      0       0       0        0.0%
COMMON               E      7       A       1       71.4%
BITSFR0              0      0       0       1        0.0%
SFR0                 0      0       0       1        0.0%
BITSFR1              0      0       0       2        0.0%
SFR1                 0      0       0       2        0.0%
STACK                0      0       0       2        0.0%
ABS                  0      0       C       3        0.0%
BITBANK0            50      0       0       4        0.0%
BITSFR3              0      0       0       4        0.0%
SFR3                 0      0       0       4        0.0%
BANK0               50      2       2       5        2.5%
BITSFR2              0      0       0       5        0.0%
SFR2                 0      0       0       5        0.0%
BITBANK1            50      0       0       6        0.0%
BANK1               50      0       0       7        0.0%
BITBANK3            60      0       0       8        0.0%
BANK3               60      0       0       9        0.0%
BITBANK2            60      0       0      10        0.0%
BANK2               60      0       0      11        0.0%
DATA                 0      0       C      12        0.0%


Microchip Technology PIC Macro Assembler V2.10 build 88905656 
Symbol Table                                                                                   Mon Feb 17 12:17:29 2020

             __CFG_CP$OFF 0000               _SSPSTATbits 0094                        l20 0018  
                      l21 0070                        l30 0071                        l22 001E  
                      l23 0024                        l24 002A                        l25 0030  
                      l26 0036                        l27 003C                        l28 0042  
                      l29 0048                        l46 0129                        l47 012E  
                      u60 0121                        u61 0120                        u77 0093  
                      u87 00AA                        u97 00C0                       l137 0118  
                     l901 00FD                       l741 0017                       l911 010B  
                     l903 00FE                       l913 010E                       l905 0101  
                     l745 004E                       l915 010F                       l907 0105  
                     l909 0108                       l891 0121                       l893 0123  
                     l895 0125                       l897 0128                       l889 011A  
                     l899 00F9                       l997 0072                       l999 0078  
            __CFG_CPD$OFF 0000                       _isr 00C8              __CFG_LVP$OFF 0000  
                    l1001 007D                      l1011 0086                      l1003 0080  
                    l1021 008D                      l1013 0089                      l1005 0081  
                    l1031 009D                      l1023 0097                      l1015 008A  
                    l1007 0084                      l1041 00AE                      l1033 009E  
                    l1025 009A                      l1017 008B                      l1009 0085  
                    l1051 00B5                      l1043 00B1                      l1035 009F  
                    l1027 009B                      l1019 008C                      l1053 00B6  
                    l1045 00B2                      l1037 00A0                      l1029 009C  
                    l1055 00BA                      l1047 00B3                      l1039 00A4  
                    l1049 00B4                      l1077 0056                      ?_isr 0070  
                    _CONT 0077                      i1l50 0138                      i1l53 013E  
                    i1l64 0137                      i1l56 0144                      u2_20 013E  
                    u2_21 013D                      u3_20 00CE                      u3_21 00CD  
                    u4_20 00DB                      u4_21 00DA                      u5_20 00E9  
                    u5_21 00E8              __CFG_WRT$OFF 0000                      _main 0072  
                    _init 00F9                      btemp 007E                      start 000C  
           __CFG_IESO$OFF 0000                     ??_isr 0071                     ?_main 0070  
                   ?_init 0070             __CFG_WDTE$OFF 0000                     _ANSEL 0188  
                   i1l126 00F2                     i1l801 00DB                     i1l803 00E1  
                   i1l805 00E9                     i1l751 0140                     i1l807 00EF  
                   i1l753 012F                     i1l739 0138                     i1l755 0134  
                   i1l795 00C8                     i1l797 00CE                     i1l799 00D6  
                   _PORTA 0005                     _PORTB 0006                     _PORTC 0007  
                   _PORTD 0008                     _TRISA 0085                     _TRISB 0086  
                   _TRISC 0087                     _TRISD 0088                     _SSPIF 0063  
          __CFG_FCMEN$OFF 0000           __end_of_initOsc 0072            __CFG_BOREN$OFF 0000  
                   pclath 000A           __end_of_spiInit 012F           __end_of_spiRead 0138  
                   status 0003                     wtemp0 007E            __CFG_MCLRE$OFF 0000  
         __initialization 000F              __end_of_main 00C8              __end_of_init 0119  
                  ??_main 0020                    ??_init 0077                    _ADRESH 001E  
                  _ANSELH 0189                    _INTCON 000B               initOsc@frec 0075  
                  _TRISC3 043B                    _TRISC5 043D                    _SSPCON 0014  
                  _SSPBUF 0013            __CFG_PWRTE$OFF 0000                 ??_initOsc 0073  
                  saved_w 007E          __end_of_spiWrite 0145                 ??_spiInit 0076  
               ??_spiRead 0070   __end_of__initialization 0012            __pcstackCOMMON 0070  
              __pmaintext 0072                __pintentry 0004   __size_of_spiReceiveWait 0007  
                 _SSPSTAT 0094                 ?_spiWrite 0070                   __ptext1 0016  
                 __ptext2 00F9                   __ptext3 0119                   __ptext4 00C8  
                 __ptext5 013F                   __ptext6 012F                   __ptext7 0138  
                 _initOsc 0016              __size_of_isr 0031                   _spiInit 0119  
                 _spiRead 012F      end_of_initialization 0012                ??_spiWrite 0070  
               _TRISAbits 0085               spiWrite@dat 0070               _ADC_CH1_BIN 0079  
             _ADC_CH2_BIN 0078            _spiReceiveWait 0138       start_initialization 000F  
             __end_of_isr 00F9  __CFG_FOSC$INTRC_NOCLKOUT 0000    __end_of_spiReceiveWait 013F  
             __pbssCOMMON 0077                 ___latbits 0002             __pcstackBANK0 0020  
         ?_spiReceiveWait 0070         __size_of_spiWrite 0006                  ?_initOsc 0070  
                ?_spiInit 0073                  ?_spiRead 0070      spiInit@sTransmitEdge 0075  
       interrupt_function 0004                  _PIE1bits 008C        spiInit@sDataSample 0073  
                _PIR1bits 000C                _ADCON0bits 001F                _ADCON1bits 009F  
        __size_of_initOsc 005C          __size_of_spiInit 0016          __size_of_spiRead 0009  
       __CFG_BOR4V$BOR40V 0000             __size_of_main 0056             __size_of_init 0020  
                _spiWrite 013F              spiInit@sType 0076         spiInit@sClockIdle 0074  
                intlevel1 0000          ??_spiReceiveWait 0070                _OSCCONbits 008F  
